<?xml version="1.0" encoding="UTF-8"?>
<!-- Generated by org.testng.reporters.JUnitReportReporter -->
<testsuite skipped="0" hostname="Nandana" name="testCases.TestCaseDemo2" tests="3" failures="0" timestamp="28 Aug 2018 14:23:59 GMT" time="40.492" errors="0">
  <testcase name="testDemo1" time="13.533" classname="testCases.TestCaseDemo2"/>
  <testcase name="testDemo3" time="12.285" classname="testCases.TestCaseDemo2"/>
  <testcase name="testDemo2" time="14.674" classname="testCases.TestCaseDemo2"/>
</testsuite> <!-- testCases.TestCaseDemo2 -->
