<?xml version="1.0" encoding="UTF-8"?>
<!-- Generated by org.testng.reporters.JUnitReportReporter -->
<testsuite skipped="0" hostname="Nandana" name="testCases.TestCaseDemo1" tests="3" failures="0" timestamp="28 Aug 2018 14:23:59 GMT" time="38.504" errors="0">
  <testcase name="testCase1" time="11.251" classname="testCases.TestCaseDemo1"/>
  <testcase name="testCase2" time="15.749" classname="testCases.TestCaseDemo1"/>
  <testcase name="testCase3" time="11.504" classname="testCases.TestCaseDemo1"/>
</testsuite> <!-- testCases.TestCaseDemo1 -->
