<?xml version="1.0" encoding="UTF-8"?>
<!-- Generated by org.testng.reporters.JUnitReportReporter -->
<testsuite skipped="0" hostname="Nandana" name="testCases.TestCaseDemo3" tests="1" failures="0" timestamp="28 Aug 2018 09:25:48 GMT" time="10.175" errors="0">
  <testcase name="testcase1" time="10.175" classname="testCases.TestCaseDemo3"/>
</testsuite> <!-- testCases.TestCaseDemo3 -->
