<?xml version="1.0" encoding="UTF-8"?>
<!-- Generated by org.testng.reporters.JUnitReportReporter -->
<testsuite skipped="0" hostname="Nandana" name="testCases.TestCaseDemo2" tests="3" failures="0" timestamp="28 Aug 2018 09:25:48 GMT" time="26.829" errors="0">
  <testcase name="testDemo1" time="8.622" classname="testCases.TestCaseDemo2"/>
  <testcase name="testDemo2" time="8.647" classname="testCases.TestCaseDemo2"/>
  <testcase name="testDemo3" time="9.560" classname="testCases.TestCaseDemo2"/>
</testsuite> <!-- testCases.TestCaseDemo2 -->
